02-Jul-2020 12:10:01.445 INFO [main] org.apache.catalina.startup.VersionLoggerListener.log Server version name:   Apache Tomcat/9.0.36
02-Jul-2020 12:10:01.447 INFO [main] org.apache.catalina.startup.VersionLoggerListener.log Server built:          Jun 3 2020 17:07:09 UTC
02-Jul-2020 12:10:01.447 INFO [main] org.apache.catalina.startup.VersionLoggerListener.log Server version number: 9.0.36.0
02-Jul-2020 12:10:01.447 INFO [main] org.apache.catalina.startup.VersionLoggerListener.log OS Name:               Windows 7
02-Jul-2020 12:10:01.447 INFO [main] org.apache.catalina.startup.VersionLoggerListener.log OS Version:            6.1
02-Jul-2020 12:10:01.448 INFO [main] org.apache.catalina.startup.VersionLoggerListener.log Architecture:          amd64
02-Jul-2020 12:10:01.448 INFO [main] org.apache.catalina.startup.VersionLoggerListener.log Java Home:             C:\Program Files\Java\jdk1.8.0_40\jre
02-Jul-2020 12:10:01.448 INFO [main] org.apache.catalina.startup.VersionLoggerListener.log JVM Version:           1.8.0_40-ea-b02
02-Jul-2020 12:10:01.448 INFO [main] org.apache.catalina.startup.VersionLoggerListener.log JVM Vendor:            Oracle Corporation
02-Jul-2020 12:10:01.448 INFO [main] org.apache.catalina.startup.VersionLoggerListener.log CATALINA_BASE:         D:\java\Applications\apache-tomcat-9.0.36
02-Jul-2020 12:10:01.448 INFO [main] org.apache.catalina.startup.VersionLoggerListener.log CATALINA_HOME:         D:\java\Applications\apache-tomcat-9.0.36
02-Jul-2020 12:10:01.463 INFO [main] org.apache.catalina.startup.VersionLoggerListener.log Command line argument: -Djava.util.logging.config.file=D:/java/Applications/apache-tomcat-9.0.36/conf/logging.properties
02-Jul-2020 12:10:01.464 INFO [main] org.apache.catalina.startup.VersionLoggerListener.log Command line argument: -Djava.util.logging.manager=org.apache.juli.ClassLoaderLogManager
02-Jul-2020 12:10:01.464 INFO [main] org.apache.catalina.startup.VersionLoggerListener.log Command line argument: -Djdk.tls.ephemeralDHKeySize=2048
02-Jul-2020 12:10:01.464 INFO [main] org.apache.catalina.startup.VersionLoggerListener.log Command line argument: -Djava.protocol.handler.pkgs=org.apache.catalina.webresources
02-Jul-2020 12:10:01.464 INFO [main] org.apache.catalina.startup.VersionLoggerListener.log Command line argument: -Dorg.apache.catalina.security.SecurityListener.UMASK=0027
02-Jul-2020 12:10:01.464 INFO [main] org.apache.catalina.startup.VersionLoggerListener.log Command line argument: -Dignore.endorsed.dirs=
02-Jul-2020 12:10:01.464 INFO [main] org.apache.catalina.startup.VersionLoggerListener.log Command line argument: -Dcatalina.base=D:/java/Applications/apache-tomcat-9.0.36
02-Jul-2020 12:10:01.464 INFO [main] org.apache.catalina.startup.VersionLoggerListener.log Command line argument: -Dcatalina.home=D:/java/Applications/apache-tomcat-9.0.36
02-Jul-2020 12:10:01.464 INFO [main] org.apache.catalina.startup.VersionLoggerListener.log Command line argument: -Djava.io.tmpdir=D:/java/Applications/apache-tomcat-9.0.36/temp
02-Jul-2020 12:10:01.464 INFO [main] org.apache.catalina.core.AprLifecycleListener.lifecycleEvent Loaded Apache Tomcat Native library [1.2.24] using APR version [1.7.0].
02-Jul-2020 12:10:01.464 INFO [main] org.apache.catalina.core.AprLifecycleListener.lifecycleEvent APR capabilities: IPv6 [true], sendfile [true], accept filters [false], random [true].
02-Jul-2020 12:10:01.465 INFO [main] org.apache.catalina.core.AprLifecycleListener.lifecycleEvent APR/OpenSSL configuration: useAprConnector [false], useOpenSSL [true]
02-Jul-2020 12:10:01.472 INFO [main] org.apache.catalina.core.AprLifecycleListener.initializeSSL OpenSSL successfully initialized [OpenSSL 1.1.1g  21 Apr 2020]
02-Jul-2020 12:10:01.969 INFO [main] org.apache.coyote.AbstractProtocol.init Initializing ProtocolHandler ["http-nio-8080"]
02-Jul-2020 12:10:02.009 INFO [main] org.apache.catalina.startup.Catalina.load Server initialization in [763] milliseconds
02-Jul-2020 12:10:02.036 INFO [main] org.apache.catalina.core.StandardService.startInternal Starting service [Catalina]
02-Jul-2020 12:10:02.036 INFO [main] org.apache.catalina.core.StandardEngine.startInternal Starting Servlet engine: [Apache Tomcat/9.0.36]
02-Jul-2020 12:10:02.049 INFO [main] org.apache.catalina.startup.HostConfig.deployDirectory Deploying web application directory [D:\java\Applications\apache-tomcat-9.0.36\webapps\a]
02-Jul-2020 12:10:02.532 WARNING [main] org.apache.catalina.util.SessionIdGeneratorBase.createSecureRandom Creation of SecureRandom instance for session ID generation using [SHA1PRNG] took [191] milliseconds.
02-Jul-2020 12:10:02.551 INFO [main] org.apache.catalina.startup.HostConfig.deployDirectory Deployment of web application directory [D:\java\Applications\apache-tomcat-9.0.36\webapps\a] has finished in [503] ms
02-Jul-2020 12:10:02.551 INFO [main] org.apache.catalina.startup.HostConfig.deployDirectory Deploying web application directory [D:\java\Applications\apache-tomcat-9.0.36\webapps\docs]
02-Jul-2020 12:10:02.633 INFO [main] org.apache.catalina.startup.HostConfig.deployDirectory Deployment of web application directory [D:\java\Applications\apache-tomcat-9.0.36\webapps\docs] has finished in [82] ms
02-Jul-2020 12:10:02.633 INFO [main] org.apache.catalina.startup.HostConfig.deployDirectory Deploying web application directory [D:\java\Applications\apache-tomcat-9.0.36\webapps\examples]
02-Jul-2020 12:10:03.490 INFO [main] org.apache.catalina.startup.HostConfig.deployDirectory Deployment of web application directory [D:\java\Applications\apache-tomcat-9.0.36\webapps\examples] has finished in [857] ms
02-Jul-2020 12:10:03.491 INFO [main] org.apache.catalina.startup.HostConfig.deployDirectory Deploying web application directory [D:\java\Applications\apache-tomcat-9.0.36\webapps\host-manager]
02-Jul-2020 12:10:03.535 INFO [main] org.apache.catalina.startup.HostConfig.deployDirectory Deployment of web application directory [D:\java\Applications\apache-tomcat-9.0.36\webapps\host-manager] has finished in [45] ms
02-Jul-2020 12:10:03.536 INFO [main] org.apache.catalina.startup.HostConfig.deployDirectory Deploying web application directory [D:\java\Applications\apache-tomcat-9.0.36\webapps\manager]
02-Jul-2020 12:10:03.562 INFO [main] org.apache.catalina.startup.HostConfig.deployDirectory Deployment of web application directory [D:\java\Applications\apache-tomcat-9.0.36\webapps\manager] has finished in [26] ms
02-Jul-2020 12:10:03.562 INFO [main] org.apache.catalina.startup.HostConfig.deployDirectory Deploying web application directory [D:\java\Applications\apache-tomcat-9.0.36\webapps\ROOT]
02-Jul-2020 12:10:03.589 INFO [main] org.apache.catalina.startup.HostConfig.deployDirectory Deployment of web application directory [D:\java\Applications\apache-tomcat-9.0.36\webapps\ROOT] has finished in [26] ms
02-Jul-2020 12:10:03.593 INFO [main] org.apache.coyote.AbstractProtocol.start Starting ProtocolHandler ["http-nio-8080"]
02-Jul-2020 12:10:03.602 INFO [main] org.apache.catalina.startup.Catalina.start Server startup in [1,592] milliseconds
02-Jul-2020 12:18:58.802 INFO [main] org.apache.catalina.startup.VersionLoggerListener.log Server version name:   Apache Tomcat/9.0.36
02-Jul-2020 12:18:58.804 INFO [main] org.apache.catalina.startup.VersionLoggerListener.log Server built:          Jun 3 2020 17:07:09 UTC
02-Jul-2020 12:18:58.804 INFO [main] org.apache.catalina.startup.VersionLoggerListener.log Server version number: 9.0.36.0
02-Jul-2020 12:18:58.804 INFO [main] org.apache.catalina.startup.VersionLoggerListener.log OS Name:               Windows 7
02-Jul-2020 12:18:58.804 INFO [main] org.apache.catalina.startup.VersionLoggerListener.log OS Version:            6.1
02-Jul-2020 12:18:58.805 INFO [main] org.apache.catalina.startup.VersionLoggerListener.log Architecture:          amd64
02-Jul-2020 12:18:58.805 INFO [main] org.apache.catalina.startup.VersionLoggerListener.log Java Home:             C:\Program Files\Java\jdk1.8.0_40\jre
02-Jul-2020 12:18:58.805 INFO [main] org.apache.catalina.startup.VersionLoggerListener.log JVM Version:           1.8.0_40-ea-b02
02-Jul-2020 12:18:58.805 INFO [main] org.apache.catalina.startup.VersionLoggerListener.log JVM Vendor:            Oracle Corporation
02-Jul-2020 12:18:58.805 INFO [main] org.apache.catalina.startup.VersionLoggerListener.log CATALINA_BASE:         D:\java\Applications\apache-tomcat-9.0.36
02-Jul-2020 12:18:58.806 INFO [main] org.apache.catalina.startup.VersionLoggerListener.log CATALINA_HOME:         D:\java\Applications\apache-tomcat-9.0.36
02-Jul-2020 12:18:58.806 INFO [main] org.apache.catalina.startup.VersionLoggerListener.log Command line argument: -Djava.util.logging.config.file=D:\java\Applications\apache-tomcat-9.0.36\conf\logging.properties
02-Jul-2020 12:18:58.807 INFO [main] org.apache.catalina.startup.VersionLoggerListener.log Command line argument: -Djava.util.logging.manager=org.apache.juli.ClassLoaderLogManager
02-Jul-2020 12:18:58.807 INFO [main] org.apache.catalina.startup.VersionLoggerListener.log Command line argument: -Djdk.tls.ephemeralDHKeySize=2048
02-Jul-2020 12:18:58.808 INFO [main] org.apache.catalina.startup.VersionLoggerListener.log Command line argument: -Djava.protocol.handler.pkgs=org.apache.catalina.webresources
02-Jul-2020 12:18:58.810 INFO [main] org.apache.catalina.startup.VersionLoggerListener.log Command line argument: -Dignore.endorsed.dirs=
02-Jul-2020 12:18:58.810 INFO [main] org.apache.catalina.startup.VersionLoggerListener.log Command line argument: -Dcatalina.base=D:\java\Applications\apache-tomcat-9.0.36
02-Jul-2020 12:18:58.812 INFO [main] org.apache.catalina.startup.VersionLoggerListener.log Command line argument: -Dcatalina.home=D:\java\Applications\apache-tomcat-9.0.36
02-Jul-2020 12:18:58.816 INFO [main] org.apache.catalina.startup.VersionLoggerListener.log Command line argument: -Djava.io.tmpdir=D:\java\Applications\apache-tomcat-9.0.36\temp
02-Jul-2020 12:18:58.818 INFO [main] org.apache.catalina.core.AprLifecycleListener.lifecycleEvent Loaded Apache Tomcat Native library [1.2.24] using APR version [1.7.0].
02-Jul-2020 12:18:58.819 INFO [main] org.apache.catalina.core.AprLifecycleListener.lifecycleEvent APR capabilities: IPv6 [true], sendfile [true], accept filters [false], random [true].
02-Jul-2020 12:18:58.820 INFO [main] org.apache.catalina.core.AprLifecycleListener.lifecycleEvent APR/OpenSSL configuration: useAprConnector [false], useOpenSSL [true]
02-Jul-2020 12:18:58.828 INFO [main] org.apache.catalina.core.AprLifecycleListener.initializeSSL OpenSSL successfully initialized [OpenSSL 1.1.1g  21 Apr 2020]
02-Jul-2020 12:18:59.237 INFO [main] org.apache.coyote.AbstractProtocol.init Initializing ProtocolHandler ["http-nio-8080"]
02-Jul-2020 12:18:59.263 SEVERE [main] org.apache.catalina.util.LifecycleBase.handleSubClassException Failed to initialize component [Connector[HTTP/1.1-8080]]
	org.apache.catalina.LifecycleException: Protocol handler initialization failed
		at org.apache.catalina.connector.Connector.initInternal(Connector.java:1042)
		at org.apache.catalina.util.LifecycleBase.init(LifecycleBase.java:136)
		at org.apache.catalina.core.StandardService.initInternal(StandardService.java:533)
		at org.apache.catalina.util.LifecycleBase.init(LifecycleBase.java:136)
		at org.apache.catalina.core.StandardServer.initInternal(StandardServer.java:1057)
		at org.apache.catalina.util.LifecycleBase.init(LifecycleBase.java:136)
		at org.apache.catalina.startup.Catalina.load(Catalina.java:584)
		at org.apache.catalina.startup.Catalina.load(Catalina.java:607)
		at sun.reflect.NativeMethodAccessorImpl.invoke0(Native Method)
		at sun.reflect.NativeMethodAccessorImpl.invoke(NativeMethodAccessorImpl.java:62)
		at sun.reflect.DelegatingMethodAccessorImpl.invoke(DelegatingMethodAccessorImpl.java:43)
		at java.lang.reflect.Method.invoke(Method.java:483)
		at org.apache.catalina.startup.Bootstrap.load(Bootstrap.java:303)
		at org.apache.catalina.startup.Bootstrap.main(Bootstrap.java:473)
	Caused by: java.net.BindException: Address already in use: bind
		at sun.nio.ch.Net.bind0(Native Method)
		at sun.nio.ch.Net.bind(Net.java:436)
		at sun.nio.ch.Net.bind(Net.java:428)
		at sun.nio.ch.ServerSocketChannelImpl.bind(ServerSocketChannelImpl.java:214)
		at sun.nio.ch.ServerSocketAdaptor.bind(ServerSocketAdaptor.java:74)
		at org.apache.tomcat.util.net.NioEndpoint.initServerSocket(NioEndpoint.java:228)
		at org.apache.tomcat.util.net.NioEndpoint.bind(NioEndpoint.java:211)
		at org.apache.tomcat.util.net.AbstractEndpoint.bindWithCleanup(AbstractEndpoint.java:1141)
		at org.apache.tomcat.util.net.AbstractEndpoint.init(AbstractEndpoint.java:1154)
		at org.apache.coyote.AbstractProtocol.init(AbstractProtocol.java:581)
		at org.apache.coyote.http11.AbstractHttp11Protocol.init(AbstractHttp11Protocol.java:74)
		at org.apache.catalina.connector.Connector.initInternal(Connector.java:1039)
		... 13 more
02-Jul-2020 12:18:59.268 INFO [main] org.apache.catalina.startup.Catalina.load Server initialization in [680] milliseconds
02-Jul-2020 12:18:59.313 INFO [main] org.apache.catalina.core.StandardService.startInternal Starting service [Catalina]
02-Jul-2020 12:18:59.313 INFO [main] org.apache.catalina.core.StandardEngine.startInternal Starting Servlet engine: [Apache Tomcat/9.0.36]
02-Jul-2020 12:18:59.326 INFO [main] org.apache.catalina.startup.HostConfig.deployDirectory Deploying web application directory [D:\java\Applications\apache-tomcat-9.0.36\webapps\a]
02-Jul-2020 12:18:59.814 WARNING [main] org.apache.catalina.util.SessionIdGeneratorBase.createSecureRandom Creation of SecureRandom instance for session ID generation using [SHA1PRNG] took [192] milliseconds.
02-Jul-2020 12:18:59.834 INFO [main] org.apache.catalina.startup.HostConfig.deployDirectory Deployment of web application directory [D:\java\Applications\apache-tomcat-9.0.36\webapps\a] has finished in [508] ms
02-Jul-2020 12:18:59.835 INFO [main] org.apache.catalina.startup.HostConfig.deployDirectory Deploying web application directory [D:\java\Applications\apache-tomcat-9.0.36\webapps\docs]
02-Jul-2020 12:18:59.869 INFO [main] org.apache.catalina.startup.HostConfig.deployDirectory Deployment of web application directory [D:\java\Applications\apache-tomcat-9.0.36\webapps\docs] has finished in [35] ms
02-Jul-2020 12:18:59.870 INFO [main] org.apache.catalina.startup.HostConfig.deployDirectory Deploying web application directory [D:\java\Applications\apache-tomcat-9.0.36\webapps\examples]
02-Jul-2020 12:19:00.224 INFO [main] org.apache.catalina.startup.HostConfig.deployDirectory Deployment of web application directory [D:\java\Applications\apache-tomcat-9.0.36\webapps\examples] has finished in [355] ms
02-Jul-2020 12:19:00.225 INFO [main] org.apache.catalina.startup.HostConfig.deployDirectory Deploying web application directory [D:\java\Applications\apache-tomcat-9.0.36\webapps\host-manager]
02-Jul-2020 12:19:00.265 INFO [main] org.apache.catalina.startup.HostConfig.deployDirectory Deployment of web application directory [D:\java\Applications\apache-tomcat-9.0.36\webapps\host-manager] has finished in [39] ms
02-Jul-2020 12:19:00.265 INFO [main] org.apache.catalina.startup.HostConfig.deployDirectory Deploying web application directory [D:\java\Applications\apache-tomcat-9.0.36\webapps\manager]
02-Jul-2020 12:19:00.303 INFO [main] org.apache.catalina.startup.HostConfig.deployDirectory Deployment of web application directory [D:\java\Applications\apache-tomcat-9.0.36\webapps\manager] has finished in [37] ms
02-Jul-2020 12:19:00.303 INFO [main] org.apache.catalina.startup.HostConfig.deployDirectory Deploying web application directory [D:\java\Applications\apache-tomcat-9.0.36\webapps\ROOT]
02-Jul-2020 12:19:00.324 INFO [main] org.apache.catalina.startup.HostConfig.deployDirectory Deployment of web application directory [D:\java\Applications\apache-tomcat-9.0.36\webapps\ROOT] has finished in [21] ms
02-Jul-2020 12:19:00.330 INFO [main] org.apache.catalina.startup.Catalina.start Server startup in [1,057] milliseconds
02-Jul-2020 12:19:00.334 SEVERE [main] org.apache.catalina.core.StandardServer.await Failed to create server shutdown socket on address [localhost] and port [8005] (base port [8005] and offset [0])
	java.net.BindException: Address already in use: JVM_Bind
		at java.net.DualStackPlainSocketImpl.bind0(Native Method)
		at java.net.DualStackPlainSocketImpl.socketBind(DualStackPlainSocketImpl.java:106)
		at java.net.AbstractPlainSocketImpl.bind(AbstractPlainSocketImpl.java:382)
		at java.net.PlainSocketImpl.bind(PlainSocketImpl.java:190)
		at java.net.ServerSocket.bind(ServerSocket.java:375)
		at java.net.ServerSocket.<init>(ServerSocket.java:237)
		at org.apache.catalina.core.StandardServer.await(StandardServer.java:584)
		at org.apache.catalina.startup.Catalina.await(Catalina.java:721)
		at org.apache.catalina.startup.Catalina.start(Catalina.java:667)
		at sun.reflect.NativeMethodAccessorImpl.invoke0(Native Method)
		at sun.reflect.NativeMethodAccessorImpl.invoke(NativeMethodAccessorImpl.java:62)
		at sun.reflect.DelegatingMethodAccessorImpl.invoke(DelegatingMethodAccessorImpl.java:43)
		at java.lang.reflect.Method.invoke(Method.java:483)
		at org.apache.catalina.startup.Bootstrap.start(Bootstrap.java:343)
		at org.apache.catalina.startup.Bootstrap.main(Bootstrap.java:474)
02-Jul-2020 12:19:00.336 INFO [main] org.apache.coyote.AbstractProtocol.pause Pausing ProtocolHandler ["http-nio-8080"]
02-Jul-2020 12:19:00.336 INFO [main] org.apache.catalina.core.StandardService.stopInternal Stopping service [Catalina]
02-Jul-2020 12:19:00.370 INFO [main] org.apache.coyote.AbstractProtocol.stop Stopping ProtocolHandler ["http-nio-8080"]
02-Jul-2020 12:19:00.371 INFO [main] org.apache.coyote.AbstractProtocol.destroy Destroying ProtocolHandler ["http-nio-8080"]
02-Jul-2020 13:17:45.767 WARNING [main] org.apache.catalina.core.StandardServer.await Invalid shutdown command [] received
02-Jul-2020 13:18:37.913 WARNING [main] org.apache.catalina.core.StandardServer.await Invalid shutdown command [] received
02-Jul-2020 13:18:55.719 WARNING [main] org.apache.catalina.core.StandardServer.await Invalid shutdown command [] received
02-Jul-2020 13:19:25.042 WARNING [main] org.apache.catalina.core.StandardServer.await Invalid shutdown command [] received
02-Jul-2020 13:19:40.475 WARNING [main] org.apache.catalina.core.StandardServer.await Invalid shutdown command [] received
02-Jul-2020 13:20:30.292 WARNING [main] org.apache.catalina.core.StandardServer.await Invalid shutdown command [] received
02-Jul-2020 13:21:44.551 WARNING [main] org.apache.catalina.core.StandardServer.await Invalid shutdown command [] received
